#
# A fatal error has been detected by the Java Runtime Environment:
#
#  EXCEPTION_ACCESS_VIOLATION (0xc0000005) at pc=0x00007ffb9b2c072d, pid=19072, tid=18804
#
# JRE version: OpenJDK Runtime Environment Temurin-17.0.4.1+1 (17.0.4.1+1) (build 17.0.4.1+1)
# Java VM: OpenJDK 64-Bit Server VM Temurin-17.0.4.1+1 (17.0.4.1+1, mixed mode, tiered, compressed oops, compressed class ptrs, g1 gc, windows-amd64)
# Problematic frame:
# V  [jvm.dll+0x33072d]
#
# No core dump will be written. Minidumps are not enabled by default on client versions of Windows
#
# If you would like to submit a bug report, please visit:
#   https://github.com/adoptium/adoptium-support/issues
#

---------------  S U M M A R Y ------------

Command Line: -Dcom.sun.management.jmxremote -Dcom.sun.management.jmxremote.port=53286 -Dcom.sun.management.jmxremote.authenticate=false -Dcom.sun.management.jmxremote.ssl=false -Djava.rmi.server.hostname=localhost -Dspring.application.admin.enabled=true -Dspring.jmx.enabled=true -Dspring.boot.project.name=server -XX:+ShowCodeDetailsInExceptionMessages com.alphabirdz.AlphabirdzApplication

Host: AMD Ryzen 7 5700G with Radeon Graphics         , 16 cores, 23G,  Windows 11 , 64 bit Build 22621 (10.0.22621.457)
Time: Sat Oct  8 11:41:06 2022 Hora oficial do Brasil elapsed time: 3.626521 seconds (0d 0h 0m 3s)

---------------  T H R E A D  ---------------

Current thread (0x0000021f5c0c3830):  JavaThread "C2 CompilerThread2" daemon [_thread_in_native, id=18804, stack(0x0000006ebb100000,0x0000006ebb200000)]


Current CompileTask:
C2:   3626 5419   !   4       org.springframework.core.annotation.AnnotationsScanner::processMethodHierarchy (276 bytes)

Stack: [0x0000006ebb100000,0x0000006ebb200000],  sp=0x0000006ebb1fbd40,  free space=1007k
Native frames: (J=compiled Java code, j=interpreted, Vv=VM code, C=native code)
V  [jvm.dll+0x33072d]
V  [jvm.dll+0x32dcc7]
V  [jvm.dll+0x32d4ba]
V  [jvm.dll+0x218681]
V  [jvm.dll+0x217aa1]
V  [jvm.dll+0x1a3f8d]
V  [jvm.dll+0x227498]
V  [jvm.dll+0x2255e5]
V  [jvm.dll+0x7e7e9b]
V  [jvm.dll+0x7e240a]
V  [jvm.dll+0x6761a5]
C  [ucrtbase.dll+0x29363]
C  [KERNEL32.DLL+0x1244d]
C  [ntdll.dll+0x5df78]


siginfo: EXCEPTION_ACCESS_VIOLATION (0xc0000005), reading address 0xffffffffffffffff


Register to memory mapping:

RIP=0x00007ffb9b2c072d jvm.dll
RAX=0x0000006ebb1fbe48 is pointing into the stack for thread: 0x0000021f5c0c3830
RBX=0x0 is NULL
RCX=0x0000021f5b2aa6b8 points into unknown readable memory: 0x00007ffb9b843f38 | 38 3f 84 9b fb 7f 00 00
RDX=0x0000021f616d9690 points into unknown readable memory: 0x0000000000000017 | 17 00 00 00 00 00 00 00
RSP=0x0000006ebb1fbd40 is pointing into the stack for thread: 0x0000021f5c0c3830
RBP=0x00000000000029e6 is an unknown value
RSI=0x0000006ebb1fc280 is pointing into the stack for thread: 0x0000021f5c0c3830
RDI=0xffffffffffffffff is an unknown value
R8 =0x0000000000000010 is an unknown value
R9 =0x0 is NULL
R10=0x0000021f62f43fc0 points into unknown readable memory: 0x0000021f5b0c08c0 | c0 08 0c 5b 1f 02 00 00
R11=0x0000021f62f43fe0 points into unknown readable memory: 0x0000021f6221f3f0 | f0 f3 21 62 1f 02 00 00
R12=0x00000000000009a5 is an unknown value
R13=0x00000000000009a6 is an unknown value
R14=0x0002021f5ea3e570 is an unknown value
R15=0x0000021f622d6690 points into unknown readable memory: 0x0000021f5cf89ce0 | e0 9c f8 5c 1f 02 00 00


Registers:
RAX=0x0000006ebb1fbe48, RBX=0x0000000000000000, RCX=0x0000021f5b2aa6b8, RDX=0x0000021f616d9690
RSP=0x0000006ebb1fbd40, RBP=0x00000000000029e6, RSI=0x0000006ebb1fc280, RDI=0xffffffffffffffff
R8 =0x0000000000000010, R9 =0x0000000000000000, R10=0x0000021f62f43fc0, R11=0x0000021f62f43fe0
R12=0x00000000000009a5, R13=0x00000000000009a6, R14=0x0002021f5ea3e570, R15=0x0000021f622d6690
RIP=0x00007ffb9b2c072d, EFLAGS=0x0000000000010206

Top of Stack: (sp=0x0000006ebb1fbd40)
0x0000006ebb1fbd40:   0000006ebb1fc280 000000000000005c
0x0000006ebb1fbd50:   00000000000029e6 0000006ebb1fc280
0x0000006ebb1fbd60:   0000021f613252c0 0000021f5c0cd150
0x0000006ebb1fbd70:   0000000000000000 0000021f5b270458
0x0000006ebb1fbd80:   0000021f5b26ddc0 0000006ebb1fc280
0x0000006ebb1fbd90:   000000000000213a 0000006ebb1fbeb0
0x0000006ebb1fbda0:   00000000000001fa 00007ffb9b2bdcc7
0x0000006ebb1fbdb0:   0000006ebb1fc280 0000006ebb1fbe48
0x0000006ebb1fbdc0:   0000021f000009a6 0000021f5c0ba690
0x0000006ebb1fbdd0:   0000021f34870000 0000021f34870000
0x0000006ebb1fbde0:   00000000000038d2 0000000000000400
0x0000006ebb1fbdf0:   0000021f000003ff 00000000000017a1
0x0000006ebb1fbe00:   0000021f34870000 0000021f633a8db0
0x0000006ebb1fbe10:   00000000be00f601 0000021f60f7fb01
0x0000006ebb1fbe20:   0000021f02000000 00000000000038d2
0x0000006ebb1fbe30:   00000001ea0038d2 0000021f34870000 

Instructions: (pc=0x00007ffb9b2c072d)
0x00007ffb9b2c062d:   34 d8 eb 02 33 f6 48 8b 06 48 8b ce ff 50 20 48
0x00007ffb9b2c063d:   3b c6 74 03 2b 5f 48 4c 8b c5 48 8d 4f 10 8b d3
0x00007ffb9b2c064d:   e8 4e 47 32 00 ff 47 28 49 83 c6 08 4d 3b f5 0f
0x00007ffb9b2c065d:   82 6f ff ff ff 48 8b 5c 24 58 48 8b 6c 24 60 48
0x00007ffb9b2c066d:   8b 74 24 68 48 83 c4 20 41 5f 41 5e 41 5d 41 5c
0x00007ffb9b2c067d:   5f c3 cc 48 89 54 24 10 48 89 4c 24 08 53 55 56
0x00007ffb9b2c068d:   57 41 54 41 55 41 56 41 57 48 83 ec 28 48 8b 41
0x00007ffb9b2c069d:   08 48 8b f1 ba 08 00 00 00 8b a8 40 02 00 00 2b
0x00007ffb9b2c06ad:   a8 68 02 00 00 83 c5 08 8b cd e8 64 a0 01 00 4c
0x00007ffb9b2c06bd:   8b f8 85 ed 7e 11 44 8b c5 33 d2 49 c1 e0 03 48
0x00007ffb9b2c06cd:   8b c8 e8 be e3 55 00 48 8b 5e 10 85 ed 75 12 bd
0x00007ffb9b2c06dd:   01 00 00 00 8b cd 8d 55 07 e8 35 a0 01 00 4c 8b
0x00007ffb9b2c06ed:   f8 8b 15 c4 7c 87 00 41 bc 01 00 00 00 65 48 8b
0x00007ffb9b2c06fd:   0c 25 58 00 00 00 49 89 1f 48 8d 04 d1 48 89 84
0x00007ffb9b2c070d:   24 88 00 00 00 49 63 c4 45 8b ec 44 89 a4 24 80
0x00007ffb9b2c071d:   00 00 00 41 ff cc 4d 8b 74 c7 f8 48 8b 44 24 78
0x00007ffb9b2c072d:   41 8b 7e 28 8b df c1 eb 05 3b 18 72 0f 8b d3 48
0x00007ffb9b2c073d:   8b c8 e8 5c b1 4e 00 48 8b 44 24 78 48 8b 40 08
0x00007ffb9b2c074d:   83 e7 1f 48 8d 14 98 40 0f b6 cf 41 b8 01 00 00
0x00007ffb9b2c075d:   00 41 d3 e0 8b 0a 8b c1 41 0b c0 89 02 41 85 c8
0x00007ffb9b2c076d:   0f 85 9a 02 00 00 49 8b 06 49 8b ce ff 90 a8 00
0x00007ffb9b2c077d:   00 00 84 c0 74 65 41 8b 46 28 3b 46 68 73 0d 8b
0x00007ffb9b2c078d:   c8 48 8b 46 78 48 83 3c c8 00 75 4f 49 8b d6 48
0x00007ffb9b2c079d:   8b ce e8 1c f3 ff ff 49 8b 46 08 48 8b 08 8b 51
0x00007ffb9b2c07ad:   2c 8b c2 24 3f 3c 20 75 09 48 8b 41 08 48 3b 08
0x00007ffb9b2c07bd:   eb 06 83 e2 0f 80 fa 09 0f 94 c0 84 c0 75 06 48
0x00007ffb9b2c07cd:   8b 41 08 eb d6 8b 41 28 49 8b d6 4c 8b 46 78 48
0x00007ffb9b2c07dd:   8b ce 4d 8b 04 c0 e8 58 fd ff ff 41 8b 7e 1c 33
0x00007ffb9b2c07ed:   f6 ff cf 41 3b 7e 18 0f 82 53 01 00 00 4c 8b 6c
0x00007ffb9b2c07fd:   24 70 90 49 8b 46 08 48 8b 1c f8 48 85 db 0f 84
0x00007ffb9b2c080d:   8e 00 00 00 48 8b 03 48 8b cb ff 50 20 48 85 c0
0x00007ffb9b2c081d:   75 58 8b 4b 2c 8b c1 24 3f 3c 20 75 09 48 8b 43 


Stack slot to memory mapping:
stack at sp + 0 slots: 0x0000006ebb1fc280 is pointing into the stack for thread: 0x0000021f5c0c3830
stack at sp + 1 slots: 0x000000000000005c is an unknown value
stack at sp + 2 slots: 0x00000000000029e6 is an unknown value
stack at sp + 3 slots: 0x0000006ebb1fc280 is pointing into the stack for thread: 0x0000021f5c0c3830
stack at sp + 4 slots: 0x0000021f613252c0 points into unknown readable memory: 0x0000000000000000 | 00 00 00 00 00 00 00 00
stack at sp + 5 slots: 0x0000021f5c0cd150 points into unknown readable memory: 0x0000000800000006 | 06 00 00 00 08 00 00 00
stack at sp + 6 slots: 0x0 is NULL
stack at sp + 7 slots: 0x0000021f5b270458 points into unknown readable memory: 0x08687bda13d7356e | 6e 35 d7 13 da 7b 68 08


---------------  P R O C E S S  ---------------

Threads class SMR info:
_java_thread_list=0x0000021f6260b370, length=33, elements={
0x0000021f36bb4480, 0x0000021f5a84f3b0, 0x0000021f5a84ff60, 0x0000021f5a8648a0,
0x0000021f5a865160, 0x0000021f5a865a20, 0x0000021f5a8662e0, 0x0000021f5a866f80,
0x0000021f5a897520, 0x0000021f5a8bfe40, 0x0000021f5aa29010, 0x0000021f5aa3b950,
0x0000021f5aa3c470, 0x0000021f5aaa68f0, 0x0000021f5aae4bb0, 0x0000021f5af8a030,
0x0000021f5b05a450, 0x0000021f5b1f7c60, 0x0000021f5b072b40, 0x0000021f5c0c3830,
0x0000021f5c3d99a0, 0x0000021f5c364ba0, 0x0000021f5e5d3270, 0x0000021f60cf2980,
0x0000021f5e56e670, 0x0000021f60e3e820, 0x0000021f610ab010, 0x0000021f608279f0,
0x0000021f5f99a350, 0x0000021f5c8aff30, 0x0000021f5c8af590, 0x0000021f6117c030,
0x0000021f5ffc1f50
}

Java Threads: ( => current thread )
  0x0000021f36bb4480 JavaThread "main" [_thread_blocked, id=4608, stack(0x0000006eb9700000,0x0000006eb9800000)]
  0x0000021f5a84f3b0 JavaThread "Reference Handler" daemon [_thread_blocked, id=7612, stack(0x0000006eb9e00000,0x0000006eb9f00000)]
  0x0000021f5a84ff60 JavaThread "Finalizer" daemon [_thread_blocked, id=16832, stack(0x0000006eb9f00000,0x0000006eba000000)]
  0x0000021f5a8648a0 JavaThread "Signal Dispatcher" daemon [_thread_blocked, id=15108, stack(0x0000006eba000000,0x0000006eba100000)]
  0x0000021f5a865160 JavaThread "Attach Listener" daemon [_thread_blocked, id=15716, stack(0x0000006eba100000,0x0000006eba200000)]
  0x0000021f5a865a20 JavaThread "Service Thread" daemon [_thread_blocked, id=20280, stack(0x0000006eba200000,0x0000006eba300000)]
  0x0000021f5a8662e0 JavaThread "Monitor Deflation Thread" daemon [_thread_blocked, id=16344, stack(0x0000006eba300000,0x0000006eba400000)]
  0x0000021f5a866f80 JavaThread "C2 CompilerThread0" daemon [_thread_in_native, id=9680, stack(0x0000006eba400000,0x0000006eba500000)]
  0x0000021f5a897520 JavaThread "C1 CompilerThread0" daemon [_thread_blocked, id=18500, stack(0x0000006eba500000,0x0000006eba600000)]
  0x0000021f5a8bfe40 JavaThread "Sweeper thread" daemon [_thread_blocked, id=16508, stack(0x0000006eba600000,0x0000006eba700000)]
  0x0000021f5aa29010 JavaThread "Common-Cleaner" daemon [_thread_blocked, id=8776, stack(0x0000006eba700000,0x0000006eba800000)]
  0x0000021f5aa3b950 JavaThread "C1 CompilerThread1" daemon [_thread_blocked, id=6176, stack(0x0000006eba800000,0x0000006eba900000)]
  0x0000021f5aa3c470 JavaThread "C1 CompilerThread2" daemon [_thread_blocked, id=5020, stack(0x0000006eba900000,0x0000006ebaa00000)]
  0x0000021f5aaa68f0 JavaThread "C2 CompilerThread1" daemon [_thread_in_native, id=19408, stack(0x0000006ebaa00000,0x0000006ebab00000)]
  0x0000021f5aae4bb0 JavaThread "Notification Thread" daemon [_thread_blocked, id=4132, stack(0x0000006ebab00000,0x0000006ebac00000)]
  0x0000021f5af8a030 JavaThread "C1 CompilerThread3" daemon [_thread_blocked, id=19024, stack(0x0000006ebac00000,0x0000006ebad00000)]
  0x0000021f5b05a450 JavaThread "RMI TCP Accept-0" daemon [_thread_in_native, id=11868, stack(0x0000006ebad00000,0x0000006ebae00000)]
  0x0000021f5b1f7c60 JavaThread "RMI TCP Accept-53286" daemon [_thread_in_native, id=9308, stack(0x0000006ebae00000,0x0000006ebaf00000)]
  0x0000021f5b072b40 JavaThread "RMI TCP Accept-0" daemon [_thread_in_native, id=7944, stack(0x0000006ebaf00000,0x0000006ebb000000)]
=>0x0000021f5c0c3830 JavaThread "C2 CompilerThread2" daemon [_thread_in_native, id=18804, stack(0x0000006ebb100000,0x0000006ebb200000)]
  0x0000021f5c3d99a0 JavaThread "Thread-0" [_thread_blocked, id=6528, stack(0x0000006ebbc00000,0x0000006ebbd00000)]
  0x0000021f5c364ba0 JavaThread "restartedMain" [_thread_in_vm, id=5696, stack(0x0000006ebbd00000,0x0000006ebbe00000)]
  0x0000021f5e5d3270 JavaThread "C2 CompilerThread3" daemon [_thread_blocked, id=5540, stack(0x0000006ebc400000,0x0000006ebc500000)]
  0x0000021f60cf2980 JavaThread "C2 CompilerThread4" daemon [_thread_in_native, id=19896, stack(0x0000006ebc500000,0x0000006ebc600000)]
  0x0000021f5e56e670 JavaThread "Catalina-utility-1" [_thread_blocked, id=14892, stack(0x0000006ebc600000,0x0000006ebc700000)]
  0x0000021f60e3e820 JavaThread "Catalina-utility-2" [_thread_blocked, id=14428, stack(0x0000006ebc700000,0x0000006ebc800000)]
  0x0000021f610ab010 JavaThread "container-0" [_thread_blocked, id=13992, stack(0x0000006ebc800000,0x0000006ebc900000)]
  0x0000021f608279f0 JavaThread "mysql-cj-abandoned-connection-cleanup" daemon [_thread_blocked, id=12676, stack(0x0000006ebc900000,0x0000006ebca00000)]
  0x0000021f5f99a350 JavaThread "C2 CompilerThread5" daemon [_thread_in_native, id=20096, stack(0x0000006ebca00000,0x0000006ebcb00000)]
  0x0000021f5c8aff30 JavaThread "HikariPool-1 housekeeper" daemon [_thread_blocked, id=19252, stack(0x0000006ebcc00000,0x0000006ebcd00000)]
  0x0000021f5c8af590 JavaThread "HikariPool-1 connection adder" daemon [_thread_blocked, id=2744, stack(0x0000006ebcd00000,0x0000006ebce00000)]
  0x0000021f6117c030 JavaThread "C2 CompilerThread6" daemon [_thread_blocked, id=10104, stack(0x0000006ebce00000,0x0000006ebcf00000)]
  0x0000021f5ffc1f50 JavaThread "C2 CompilerThread7" daemon [_thread_blocked, id=3980, stack(0x0000006ebcf00000,0x0000006ebd000000)]

Other Threads:
  0x0000021f5a8315e0 VMThread "VM Thread" [stack: 0x0000006eb9d00000,0x0000006eb9e00000] [id=18924]
  0x0000021f5abd4120 WatcherThread [stack: 0x0000006ebb000000,0x0000006ebb100000] [id=19756]
  0x0000021f36c43a80 GCTaskThread "GC Thread#0" [stack: 0x0000006eb9800000,0x0000006eb9900000] [id=10672]
  0x0000021f5c249590 GCTaskThread "GC Thread#1" [stack: 0x0000006ebb200000,0x0000006ebb300000] [id=18516]
  0x0000021f5c249840 GCTaskThread "GC Thread#2" [stack: 0x0000006ebb300000,0x0000006ebb400000] [id=14836]
  0x0000021f5c32e810 GCTaskThread "GC Thread#3" [stack: 0x0000006ebb400000,0x0000006ebb500000] [id=18756]
  0x0000021f5c32eac0 GCTaskThread "GC Thread#4" [stack: 0x0000006ebb500000,0x0000006ebb600000] [id=15456]
  0x0000021f5c32f180 GCTaskThread "GC Thread#5" [stack: 0x0000006ebb600000,0x0000006ebb700000] [id=15212]
  0x0000021f5c32f430 GCTaskThread "GC Thread#6" [stack: 0x0000006ebb700000,0x0000006ebb800000] [id=18888]
  0x0000021f5c32f6e0 GCTaskThread "GC Thread#7" [stack: 0x0000006ebb800000,0x0000006ebb900000] [id=12700]
  0x0000021f5c396310 GCTaskThread "GC Thread#8" [stack: 0x0000006ebb900000,0x0000006ebba00000] [id=19344]
  0x0000021f5c3955a0 GCTaskThread "GC Thread#9" [stack: 0x0000006ebbe00000,0x0000006ebbf00000] [id=17088]
  0x0000021f5c395850 GCTaskThread "GC Thread#10" [stack: 0x0000006ebc000000,0x0000006ebc100000] [id=16844]
  0x0000021f5c395db0 GCTaskThread "GC Thread#11" [stack: 0x0000006ebbf00000,0x0000006ebc000000] [id=3308]
  0x0000021f5de18be0 GCTaskThread "GC Thread#12" [stack: 0x0000006ebc300000,0x0000006ebc400000] [id=4064]
  0x0000021f36c515b0 ConcurrentGCThread "G1 Main Marker" [stack: 0x0000006eb9900000,0x0000006eb9a00000] [id=18220]
  0x0000021f36c51fd0 ConcurrentGCThread "G1 Conc#0" [stack: 0x0000006eb9a00000,0x0000006eb9b00000] [id=19620]
  0x0000021f5c397080 ConcurrentGCThread "G1 Conc#1" [stack: 0x0000006ebc100000,0x0000006ebc200000] [id=11732]
  0x0000021f5c396dd0 ConcurrentGCThread "G1 Conc#2" [stack: 0x0000006ebc200000,0x0000006ebc300000] [id=5780]
  0x0000021f36c7e5e0 ConcurrentGCThread "G1 Refine#0" [stack: 0x0000006eb9b00000,0x0000006eb9c00000] [id=8000]
  0x0000021f5c1425e0 ConcurrentGCThread "G1 Refine#1" [stack: 0x0000006ebba00000,0x0000006ebbb00000] [id=18416]
  0x0000021f5c13f250 ConcurrentGCThread "G1 Refine#2" [stack: 0x0000006ebbb00000,0x0000006ebbc00000] [id=8904]
  0x0000021f5998daa0 ConcurrentGCThread "G1 Service" [stack: 0x0000006eb9c00000,0x0000006eb9d00000] [id=6152]

Threads with active compile tasks:
C2 CompilerThread0     3669 5414       4       org.springframework.core.annotation.AnnotationsScanner::process (43 bytes)
C2 CompilerThread1     3669 5499       4       org.springframework.beans.factory.support.AbstractBeanFactory::isTypeMatch (607 bytes)
C2 CompilerThread2     3669 5419   !   4       org.springframework.core.annotation.AnnotationsScanner::processMethodHierarchy (276 bytes)
C2 CompilerThread4     3669 5412       4       org.springframework.core.annotation.AnnotationsScanner::scan (18 bytes)
C2 CompilerThread5     3669 5500       4       jdk.internal.org.objectweb.asm.Frame::merge (395 bytes)

VM state: not at safepoint (normal execution)

VM Mutex/Monitor currently owned by a thread: None

Heap address: 0x000000068b000000, size: 5968 MB, Compressed Oops mode: Zero based, Oop shift amount: 3

CDS archive(s) not mapped
Compressed class space mapped at: 0x0000000800000000-0x0000000840000000, reserved size: 1073741824
Narrow klass base: 0x0000000800000000, Narrow klass shift: 0, Narrow klass range: 0x40000000

GC Precious Log:
 CPUs: 16 total, 16 available
 Memory: 23857M
 Large Page Support: Disabled
 NUMA Support: Disabled
 Compressed Oops: Enabled (Zero based)
 Heap Region Size: 4M
 Heap Min Capacity: 8M
 Heap Initial Capacity: 376M
 Heap Max Capacity: 5968M
 Pre-touch: Disabled
 Parallel Workers: 13
 Concurrent Workers: 3
 Concurrent Refinement Workers: 13
 Periodic GC: Disabled

Heap:
 garbage-first heap   total 57344K, used 25113K [0x000000068b000000, 0x0000000800000000)
  region size 4096K, 3 young (12288K), 1 survivors (4096K)
 Metaspace       used 59758K, committed 60224K, reserved 1105920K
  class space    used 7787K, committed 8000K, reserved 1048576K

Heap Regions: E=young(eden), S=young(survivor), O=old, HS=humongous(starts), HC=humongous(continues), CS=collection set, F=free, OA=open archive, CA=closed archive, TAMS=top-at-mark-start (previous, next)
|   0|0x000000068b000000, 0x000000068b400000, 0x000000068b400000|100%| O|  |TAMS 0x000000068b400000, 0x000000068b000000| Untracked 
|   1|0x000000068b400000, 0x000000068b800000, 0x000000068b800000|100%| O|  |TAMS 0x000000068b560200, 0x000000068b400000| Untracked 
|   2|0x000000068b800000, 0x000000068bc00000, 0x000000068bc00000|100%| O|  |TAMS 0x000000068bc00000, 0x000000068b800000| Untracked 
|   3|0x000000068bc00000, 0x000000068c000000, 0x000000068c000000|100%| O|  |TAMS 0x000000068bc00000, 0x000000068bc00000| Untracked 
|   4|0x000000068c000000, 0x000000068c18dc00, 0x000000068c400000| 38%| O|  |TAMS 0x000000068c000000, 0x000000068c000000| Untracked 
|   5|0x000000068c400000, 0x000000068c400000, 0x000000068c800000|  0%| F|  |TAMS 0x000000068c400000, 0x000000068c400000| Untracked 
|   6|0x000000068c800000, 0x000000068c800000, 0x000000068cc00000|  0%| F|  |TAMS 0x000000068c800000, 0x000000068c800000| Untracked 
|   7|0x000000068cc00000, 0x000000068cc00000, 0x000000068d000000|  0%| F|  |TAMS 0x000000068cc00000, 0x000000068cc00000| Untracked 
|   8|0x000000068d000000, 0x000000068d2f8870, 0x000000068d400000| 74%| S|CS|TAMS 0x000000068d000000, 0x000000068d000000| Complete 
|   9|0x000000068d400000, 0x000000068d400000, 0x000000068d800000|  0%| F|  |TAMS 0x000000068d400000, 0x000000068d400000| Untracked 
|  10|0x000000068d800000, 0x000000068d800000, 0x000000068dc00000|  0%| F|  |TAMS 0x000000068d800000, 0x000000068d800000| Untracked 
|  11|0x000000068dc00000, 0x000000068dc00000, 0x000000068e000000|  0%| F|  |TAMS 0x000000068dc00000, 0x000000068dc00000| Untracked 
|  88|0x00000006a1000000, 0x00000006a13d8e08, 0x00000006a1400000| 96%| E|  |TAMS 0x00000006a1000000, 0x00000006a1000000| Complete 
|  93|0x00000006a2400000, 0x00000006a2800000, 0x00000006a2800000|100%| E|CS|TAMS 0x00000006a2400000, 0x00000006a2400000| Complete 

Card table byte_map: [0x0000021f49c70000,0x0000021f4a820000] _byte_map_base: 0x0000021f46818000

Marking Bits (Prev, Next): (CMBitMap*) 0x0000021f36c450a0, (CMBitMap*) 0x0000021f36c450e0
 Prev Bits: [0x0000021f4b3d0000, 0x0000021f51110000)
 Next Bits: [0x0000021f51110000, 0x0000021f56e50000)

Polling page: 0x0000021f34b90000

Metaspace:

Usage:
  Non-class:     50.75 MB used.
      Class:      7.61 MB used.
       Both:     58.36 MB used.

Virtual space:
  Non-class space:       56.00 MB reserved,      51.00 MB ( 91%) committed,  7 nodes.
      Class space:        1.00 GB reserved,       7.81 MB ( <1%) committed,  1 nodes.
             Both:        1.05 GB reserved,      58.81 MB (  5%) committed. 

Chunk freelists:
   Non-Class:  112.00 KB
       Class:  224.00 KB
        Both:  336.00 KB

MaxMetaspaceSize: unlimited
CompressedClassSpaceSize: 1.00 GB
Initial GC threshold: 21.00 MB
Current GC threshold: 59.00 MB
CDS: off
MetaspaceReclaimPolicy: balanced
 - commit_granule_bytes: 65536.
 - commit_granule_words: 8192.
 - virtual_space_node_default_size: 1048576.
 - enlarge_chunks_in_place: 1.
 - new_chunks_are_fully_committed: 0.
 - uncommit_free_chunks: 1.
 - use_allocation_guard: 0.
 - handle_deallocations: 1.


Internal statistics:

num_allocs_failed_limit: 6.
num_arena_births: 412.
num_arena_deaths: 0.
num_vsnodes_births: 8.
num_vsnodes_deaths: 0.
num_space_committed: 941.
num_space_uncommitted: 0.
num_chunks_returned_to_freelist: 6.
num_chunks_taken_from_freelist: 2172.
num_chunk_merges: 6.
num_chunk_splits: 1534.
num_chunks_enlarged: 1185.
num_purges: 0.
num_inconsistent_stats: 0.

CodeHeap 'non-profiled nmethods': size=119168Kb used=3189Kb max_used=3189Kb free=115978Kb
 bounds [0x0000021f413e0000, 0x0000021f41720000, 0x0000021f48840000]
CodeHeap 'profiled nmethods': size=119104Kb used=9503Kb max_used=10813Kb free=109600Kb
 bounds [0x0000021f39f90000, 0x0000021f3aa20000, 0x0000021f413e0000]
CodeHeap 'non-nmethods': size=7488Kb used=2997Kb max_used=3090Kb free=4490Kb
 bounds [0x0000021f39840000, 0x0000021f39b50000, 0x0000021f39f90000]
 total_blobs=5334 nmethods=4705 adapters=538
 compilation: enabled
              stopped_count=0, restarted_count=0
 full_count=0

Compilation events (20 events):
Event: 3.543 Thread 0x0000021f5f99a350 5442       4       java.io.WinNTFileSystem::prefixLength (91 bytes)
Event: 3.545 Thread 0x0000021f5f99a350 nmethod 5442 0x0000021f41473a90 code [0x0000021f41473c40, 0x0000021f41473fc8]
Event: 3.547 Thread 0x0000021f5aaa68f0 5443 %     4       java.lang.PublicMethods$MethodList::filter @ 17 (104 bytes)
Event: 3.551 Thread 0x0000021f5aa3b950 5444       3       sun.reflect.generics.parser.SignatureParser::parseZeroOrMoreFormalTypeParameters (19 bytes)
Event: 3.551 Thread 0x0000021f5aa3b950 nmethod 5444 0x0000021f3a3bdf10 code [0x0000021f3a3be0c0, 0x0000021f3a3be338]
Event: 3.552 Thread 0x0000021f5a897520 5445       3       sun.reflect.generics.repository.AbstractRepository::<init> (19 bytes)
Event: 3.552 Thread 0x0000021f5a897520 nmethod 5445 0x0000021f3a3bd990 code [0x0000021f3a3bdb40, 0x0000021f3a3bde48]
Event: 3.552 Thread 0x0000021f5aa3c470 5446       3       org.springframework.util.ReflectionUtils::findConcreteMethodsOnInterfaces (100 bytes)
Event: 3.553 Thread 0x0000021f5aa3c470 nmethod 5446 0x0000021f3a8bfc10 code [0x0000021f3a8bfe40, 0x0000021f3a8c0668]
Event: 3.555 Thread 0x0000021f5aaa68f0 nmethod 5443% 0x0000021f41413190 code [0x0000021f41413340, 0x0000021f41413bf8]
Event: 3.590 Thread 0x0000021f5aaa68f0 5447       4       jdk.internal.loader.URLClassPath$JarLoader$2::getBytes (48 bytes)
Event: 3.591 Thread 0x0000021f5aaa68f0 nmethod 5447 0x0000021f41459090 code [0x0000021f41459220, 0x0000021f41459388]
Event: 3.608 Thread 0x0000021f5ffc1f50 5448       4       sun.invoke.util.VerifyAccess::isSamePackage (37 bytes)
Event: 3.611 Thread 0x0000021f6117c030 nmethod 5434 0x0000021f414fb810 code [0x0000021f414fbc60, 0x0000021f414fefa0]
Event: 3.617 Thread 0x0000021f5aa3c470 5449       3       jdk.internal.org.objectweb.asm.ByteVector::putInt (74 bytes)
Event: 3.617 Thread 0x0000021f5aa3c470 nmethod 5449 0x0000021f3a8bf510 code [0x0000021f3a8bf6c0, 0x0000021f3a8bf928]
Event: 3.619 Thread 0x0000021f5aa3b950 5450       3       com.sun.beans.introspect.MethodInfo$MethodOrder::compare (13 bytes)
Event: 3.619 Thread 0x0000021f5aa3c470 5451       3       com.sun.beans.introspect.MethodInfo$MethodOrder::compare (167 bytes)
Event: 3.619 Thread 0x0000021f5aa3b950 nmethod 5450 0x0000021f3a3bd390 code [0x0000021f3a3bd540, 0x0000021f3a3bd868]
Event: 3.619 Thread 0x0000021f5aa3c470 nmethod 5451 0x0000021f39ff8f10 code [0x0000021f39ff9200, 0x0000021f39ffa108]

GC Heap History (20 events):
Event: 1.067 GC heap before
{Heap before GC invocations=4 (full 0):
 garbage-first heap   total 57344K, used 32889K [0x000000068b000000, 0x0000000800000000)
  region size 4096K, 8 young (32768K), 1 survivors (4096K)
 Metaspace       used 26606K, committed 26880K, reserved 1073152K
  class space    used 3132K, committed 3264K, reserved 1048576K
}
Event: 1.069 GC heap after
{Heap after GC invocations=5 (full 0):
 garbage-first heap   total 57344K, used 10251K [0x000000068b000000, 0x0000000800000000)
  region size 4096K, 1 young (4096K), 1 survivors (4096K)
 Metaspace       used 26606K, committed 26880K, reserved 1073152K
  class space    used 3132K, committed 3264K, reserved 1048576K
}
Event: 1.110 GC heap before
{Heap before GC invocations=5 (full 0):
 garbage-first heap   total 57344K, used 14347K [0x000000068b000000, 0x0000000800000000)
  region size 4096K, 2 young (8192K), 1 survivors (4096K)
 Metaspace       used 27038K, committed 27328K, reserved 1073152K
  class space    used 3175K, committed 3264K, reserved 1048576K
}
Event: 1.112 GC heap after
{Heap after GC invocations=6 (full 0):
 garbage-first heap   total 57344K, used 10455K [0x000000068b000000, 0x0000000800000000)
  region size 4096K, 1 young (4096K), 1 survivors (4096K)
 Metaspace       used 27038K, committed 27328K, reserved 1073152K
  class space    used 3175K, committed 3264K, reserved 1048576K
}
Event: 1.435 GC heap before
{Heap before GC invocations=6 (full 0):
 garbage-first heap   total 57344K, used 35031K [0x000000068b000000, 0x0000000800000000)
  region size 4096K, 7 young (28672K), 1 survivors (4096K)
 Metaspace       used 30288K, committed 30528K, reserved 1081344K
  class space    used 3635K, committed 3712K, reserved 1048576K
}
Event: 1.437 GC heap after
{Heap after GC invocations=7 (full 0):
 garbage-first heap   total 57344K, used 11513K [0x000000068b000000, 0x0000000800000000)
  region size 4096K, 1 young (4096K), 1 survivors (4096K)
 Metaspace       used 30288K, committed 30528K, reserved 1081344K
  class space    used 3635K, committed 3712K, reserved 1048576K
}
Event: 1.763 GC heap before
{Heap before GC invocations=7 (full 0):
 garbage-first heap   total 57344K, used 31993K [0x000000068b000000, 0x0000000800000000)
  region size 4096K, 6 young (24576K), 1 survivors (4096K)
 Metaspace       used 33980K, committed 34304K, reserved 1081344K
  class space    used 4169K, committed 4288K, reserved 1048576K
}
Event: 1.766 GC heap after
{Heap after GC invocations=8 (full 0):
 garbage-first heap   total 57344K, used 13696K [0x000000068b000000, 0x0000000800000000)
  region size 4096K, 1 young (4096K), 1 survivors (4096K)
 Metaspace       used 33980K, committed 34304K, reserved 1081344K
  class space    used 4169K, committed 4288K, reserved 1048576K
}
Event: 1.930 GC heap before
{Heap before GC invocations=8 (full 0):
 garbage-first heap   total 57344K, used 25984K [0x000000068b000000, 0x0000000800000000)
  region size 4096K, 5 young (20480K), 1 survivors (4096K)
 Metaspace       used 35816K, committed 36160K, reserved 1081344K
  class space    used 4365K, committed 4544K, reserved 1048576K
}
Event: 1.933 GC heap after
{Heap after GC invocations=9 (full 0):
 garbage-first heap   total 57344K, used 15185K [0x000000068b000000, 0x0000000800000000)
  region size 4096K, 1 young (4096K), 1 survivors (4096K)
 Metaspace       used 35816K, committed 36160K, reserved 1081344K
  class space    used 4365K, committed 4544K, reserved 1048576K
}
Event: 2.261 GC heap before
{Heap before GC invocations=10 (full 0):
 garbage-first heap   total 57344K, used 31569K [0x000000068b000000, 0x0000000800000000)
  region size 4096K, 5 young (20480K), 1 survivors (4096K)
 Metaspace       used 40641K, committed 40960K, reserved 1089536K
  class space    used 4944K, committed 5120K, reserved 1048576K
}
Event: 2.263 GC heap after
{Heap after GC invocations=11 (full 0):
 garbage-first heap   total 57344K, used 16776K [0x000000068b000000, 0x0000000800000000)
  region size 4096K, 1 young (4096K), 1 survivors (4096K)
 Metaspace       used 40641K, committed 40960K, reserved 1089536K
  class space    used 4944K, committed 5120K, reserved 1048576K
}
Event: 2.607 GC heap before
{Heap before GC invocations=11 (full 0):
 garbage-first heap   total 57344K, used 37256K [0x000000068b000000, 0x0000000800000000)
  region size 4096K, 6 young (24576K), 1 survivors (4096K)
 Metaspace       used 44746K, committed 45120K, reserved 1089536K
  class space    used 5458K, committed 5632K, reserved 1048576K
}
Event: 2.609 GC heap after
{Heap after GC invocations=12 (full 0):
 garbage-first heap   total 57344K, used 18181K [0x000000068b000000, 0x0000000800000000)
  region size 4096K, 1 young (4096K), 1 survivors (4096K)
 Metaspace       used 44746K, committed 45120K, reserved 1089536K
  class space    used 5458K, committed 5632K, reserved 1048576K
}
Event: 2.974 GC heap before
{Heap before GC invocations=12 (full 0):
 garbage-first heap   total 57344K, used 38661K [0x000000068b000000, 0x0000000800000000)
  region size 4096K, 6 young (24576K), 1 survivors (4096K)
 Metaspace       used 49953K, committed 50304K, reserved 1097728K
  class space    used 6362K, committed 6528K, reserved 1048576K
}
Event: 2.976 GC heap after
{Heap after GC invocations=13 (full 0):
 garbage-first heap   total 57344K, used 19127K [0x000000068b000000, 0x0000000800000000)
  region size 4096K, 1 young (4096K), 1 survivors (4096K)
 Metaspace       used 49953K, committed 50304K, reserved 1097728K
  class space    used 6362K, committed 6528K, reserved 1048576K
}
Event: 3.285 GC heap before
{Heap before GC invocations=13 (full 0):
 garbage-first heap   total 57344K, used 35511K [0x000000068b000000, 0x0000000800000000)
  region size 4096K, 5 young (20480K), 1 survivors (4096K)
 Metaspace       used 54637K, committed 54976K, reserved 1097728K
  class space    used 7068K, committed 7232K, reserved 1048576K
}
Event: 3.287 GC heap after
{Heap after GC invocations=14 (full 0):
 garbage-first heap   total 57344K, used 20059K [0x000000068b000000, 0x0000000800000000)
  region size 4096K, 1 young (4096K), 1 survivors (4096K)
 Metaspace       used 54637K, committed 54976K, reserved 1097728K
  class space    used 7068K, committed 7232K, reserved 1048576K
}
Event: 3.541 GC heap before
{Heap before GC invocations=14 (full 0):
 garbage-first heap   total 57344K, used 36443K [0x000000068b000000, 0x0000000800000000)
  region size 4096K, 5 young (20480K), 1 survivors (4096K)
 Metaspace       used 57923K, committed 58304K, reserved 1105920K
  class space    used 7532K, committed 7744K, reserved 1048576K
}
Event: 3.543 GC heap after
{Heap after GC invocations=15 (full 0):
 garbage-first heap   total 57344K, used 21017K [0x000000068b000000, 0x0000000800000000)
  region size 4096K, 1 young (4096K), 1 survivors (4096K)
 Metaspace       used 57923K, committed 58304K, reserved 1105920K
  class space    used 7532K, committed 7744K, reserved 1048576K
}

Deoptimization events (20 events):
Event: 3.546 Thread 0x0000021f5c364ba0 Uncommon trap: trap_request=0xffffffbe fr.pc=0x0000021f41474d4c relative=0x000000000000080c
Event: 3.546 Thread 0x0000021f5c364ba0 Uncommon trap: reason=profile_predicate action=maybe_recompile pc=0x0000021f41474d4c method=java.lang.PublicMethods$MethodList.filter([Ljava/lang/reflect/Method;Ljava/lang/String;[Ljava/lang/Class;Z)Ljava/lang/PublicMethods$MethodList; @ 21 c2
Event: 3.546 Thread 0x0000021f5c364ba0 DEOPT PACKING pc=0x0000021f41474d4c sp=0x0000006ebbdfbd80
Event: 3.546 Thread 0x0000021f5c364ba0 DEOPT UNPACKING pc=0x0000021f398923a3 sp=0x0000006ebbdfbd38 mode 2
Event: 3.546 Thread 0x0000021f5c364ba0 Uncommon trap: trap_request=0xffffffbe fr.pc=0x0000021f41474d4c relative=0x000000000000080c
Event: 3.546 Thread 0x0000021f5c364ba0 Uncommon trap: reason=profile_predicate action=maybe_recompile pc=0x0000021f41474d4c method=java.lang.PublicMethods$MethodList.filter([Ljava/lang/reflect/Method;Ljava/lang/String;[Ljava/lang/Class;Z)Ljava/lang/PublicMethods$MethodList; @ 21 c2
Event: 3.547 Thread 0x0000021f5c364ba0 DEOPT PACKING pc=0x0000021f41474d4c sp=0x0000006ebbdfbd80
Event: 3.547 Thread 0x0000021f5c364ba0 DEOPT UNPACKING pc=0x0000021f398923a3 sp=0x0000006ebbdfbd38 mode 2
Event: 3.547 Thread 0x0000021f5c364ba0 Uncommon trap: trap_request=0xffffffbe fr.pc=0x0000021f41474d4c relative=0x000000000000080c
Event: 3.547 Thread 0x0000021f5c364ba0 Uncommon trap: reason=profile_predicate action=maybe_recompile pc=0x0000021f41474d4c method=java.lang.PublicMethods$MethodList.filter([Ljava/lang/reflect/Method;Ljava/lang/String;[Ljava/lang/Class;Z)Ljava/lang/PublicMethods$MethodList; @ 21 c2
Event: 3.547 Thread 0x0000021f5c364ba0 DEOPT PACKING pc=0x0000021f41474d4c sp=0x0000006ebbdfbe30
Event: 3.547 Thread 0x0000021f5c364ba0 DEOPT UNPACKING pc=0x0000021f398923a3 sp=0x0000006ebbdfbde8 mode 2
Event: 3.583 Thread 0x0000021f5c364ba0 Uncommon trap: trap_request=0xffffff45 fr.pc=0x0000021f41550718 relative=0x0000000000000118
Event: 3.583 Thread 0x0000021f5c364ba0 Uncommon trap: reason=unstable_if action=reinterpret pc=0x0000021f41550718 method=jdk.internal.org.objectweb.asm.ByteVector.putInt(I)Ljdk/internal/org/objectweb/asm/ByteVector; @ 13 c2
Event: 3.583 Thread 0x0000021f5c364ba0 DEOPT PACKING pc=0x0000021f41550718 sp=0x0000006ebbdfa720
Event: 3.583 Thread 0x0000021f5c364ba0 DEOPT UNPACKING pc=0x0000021f398923a3 sp=0x0000006ebbdfa6b8 mode 2
Event: 3.608 Thread 0x0000021f5c364ba0 Uncommon trap: trap_request=0xffffff54 fr.pc=0x0000021f4158b2cc relative=0x000000000000064c
Event: 3.608 Thread 0x0000021f5c364ba0 Uncommon trap: reason=speculate_null_assert action=make_not_entrant pc=0x0000021f4158b2cc method=org.springframework.util.ConcurrentReferenceHashMap$Segment.restructureIfNecessary(Z)V @ 41 c2
Event: 3.608 Thread 0x0000021f5c364ba0 DEOPT PACKING pc=0x0000021f4158b2cc sp=0x0000006ebbdfcce0
Event: 3.608 Thread 0x0000021f5c364ba0 DEOPT UNPACKING pc=0x0000021f398923a3 sp=0x0000006ebbdfcb28 mode 2

Classes unloaded (0 events):
No events

Classes redefined (0 events):
No events

Internal exceptions (20 events):
Event: 3.491 Thread 0x0000021f5c364ba0 Exception <a 'java/lang/ClassNotFoundException'{0x000000068dfe1980}: org/springframework/data/jpa/repository/support/JpaRepositoryFactoryBeanCustomizer> (0x000000068dfe1980) 
thrown [s\src\hotspot\share\classfile\systemDictionary.cpp, line 256]
Event: 3.492 Thread 0x0000021f5c364ba0 Exception <a 'java/lang/ClassNotFoundException'{0x000000068d8117e8}: org/springframework/beans/factory/BeanFactoryAwareCustomizer> (0x000000068d8117e8) 
thrown [s\src\hotspot\share\classfile\systemDictionary.cpp, line 256]
Event: 3.492 Thread 0x0000021f5c364ba0 Exception <a 'java/lang/ClassNotFoundException'{0x000000068d816f28}: org/springframework/beans/factory/AwareCustomizer> (0x000000068d816f28) 
thrown [s\src\hotspot\share\classfile\systemDictionary.cpp, line 256]
Event: 3.492 Thread 0x0000021f5c364ba0 Exception <a 'java/lang/ClassNotFoundException'{0x000000068d81b3b0}: org/springframework/beans/factory/InitializingBeanCustomizer> (0x000000068d81b3b0) 
thrown [s\src\hotspot\share\classfile\systemDictionary.cpp, line 256]
Event: 3.492 Thread 0x0000021f5c364ba0 Exception <a 'java/lang/ClassNotFoundException'{0x000000068d820af0}: org/springframework/data/repository/core/support/RepositoryFactoryInformationCustomizer> (0x000000068d820af0) 
thrown [s\src\hotspot\share\classfile\systemDictionary.cpp, line 256]
Event: 3.493 Thread 0x0000021f5c364ba0 Exception <a 'java/lang/ClassNotFoundException'{0x000000068d82b590}: org/springframework/beans/factory/FactoryBeanCustomizer> (0x000000068d82b590) 
thrown [s\src\hotspot\share\classfile\systemDictionary.cpp, line 256]
Event: 3.493 Thread 0x0000021f5c364ba0 Exception <a 'java/lang/ClassNotFoundException'{0x000000068d833d08}: org/springframework/beans/factory/BeanClassLoaderAwareCustomizer> (0x000000068d833d08) 
thrown [s\src\hotspot\share\classfile\systemDictionary.cpp, line 256]
Event: 3.494 Thread 0x0000021f5c364ba0 Exception <a 'java/lang/ClassNotFoundException'{0x000000068d838da8}: org/springframework/beans/factory/AwareCustomizer> (0x000000068d838da8) 
thrown [s\src\hotspot\share\classfile\systemDictionary.cpp, line 256]
Event: 3.494 Thread 0x0000021f5c364ba0 Exception <a 'java/lang/ClassNotFoundException'{0x000000068d83d1c8}: org/springframework/beans/factory/BeanFactoryAwareCustomizer> (0x000000068d83d1c8) 
thrown [s\src\hotspot\share\classfile\systemDictionary.cpp, line 256]
Event: 3.494 Thread 0x0000021f5c364ba0 Exception <a 'java/lang/ClassNotFoundException'{0x000000068d842908}: org/springframework/beans/factory/AwareCustomizer> (0x000000068d842908) 
thrown [s\src\hotspot\share\classfile\systemDictionary.cpp, line 256]
Event: 3.494 Thread 0x0000021f5c364ba0 Exception <a 'java/lang/ClassNotFoundException'{0x000000068d846ef8}: org/springframework/context/ApplicationEventPublisherAwareCustomizer> (0x000000068d846ef8) 
thrown [s\src\hotspot\share\classfile\systemDictionary.cpp, line 256]
Event: 3.494 Thread 0x0000021f5c364ba0 Exception <a 'java/lang/ClassNotFoundException'{0x000000068d84c968}: org/springframework/beans/factory/AwareCustomizer> (0x000000068d84c968) 
thrown [s\src\hotspot\share\classfile\systemDictionary.cpp, line 256]
Event: 3.498 Thread 0x0000021f5c364ba0 Exception <a 'java/lang/ClassNotFoundException'{0x000000068d878b70}: java/lang/ObjectCustomizer> (0x000000068d878b70) 
thrown [s\src\hotspot\share\classfile\systemDictionary.cpp, line 256]
Event: 3.499 Thread 0x0000021f5c364ba0 Exception <a 'java/lang/ClassNotFoundException'{0x000000068d881080}: org/springframework/core/io/support/PropertiesLoaderSupportCustomizer> (0x000000068d881080) 
thrown [s\src\hotspot\share\classfile\systemDictionary.cpp, line 256]
Event: 3.500 Thread 0x0000021f5c364ba0 Exception <a 'java/lang/ClassNotFoundException'{0x000000068d88f008}: org/springframework/beans/factory/config/PropertiesFactoryBeanCustomizer> (0x000000068d88f008) 
thrown [s\src\hotspot\share\classfile\systemDictionary.cpp, line 256]
Event: 3.501 Thread 0x0000021f5c364ba0 Exception <a 'java/lang/ClassNotFoundException'{0x000000068d8a71b8}: org/springframework/beans/factory/FactoryBeanCustomizer> (0x000000068d8a71b8) 
thrown [s\src\hotspot\share\classfile\systemDictionary.cpp, line 256]
Event: 3.501 Thread 0x0000021f5c364ba0 Exception <a 'java/lang/ClassNotFoundException'{0x000000068d8aea58}: org/springframework/beans/factory/InitializingBeanCustomizer> (0x000000068d8aea58) 
thrown [s\src\hotspot\share\classfile\systemDictionary.cpp, line 256]
Event: 3.559 Thread 0x0000021f5c364ba0 Exception <a 'java/lang/IncompatibleClassChangeError'{0x00000006a24f79e0}: Found class java.lang.Object, but interface was expected> (0x00000006a24f79e0) 
thrown [s\src\hotspot\share\interpreter\linkResolver.cpp, line 826]
Event: 3.618 Thread 0x0000021f5c364ba0 Exception <a 'java/lang/ClassNotFoundException'{0x00000006a106d000}: java/lang/ObjectCustomizer> (0x00000006a106d000) 
thrown [s\src\hotspot\share\classfile\systemDictionary.cpp, line 256]
Event: 3.619 Thread 0x0000021f5c364ba0 Exception <a 'java/lang/ClassNotFoundException'{0x00000006a10756b0}: com/alphabirdz/model/BirdCustomizer> (0x00000006a10756b0) 
thrown [s\src\hotspot\share\classfile\systemDictionary.cpp, line 256]

VM Operations (20 events):
Event: 2.323 Executing VM operation: HandshakeAllThreads
Event: 2.323 Executing VM operation: HandshakeAllThreads done
Event: 2.411 Executing VM operation: ICBufferFull
Event: 2.411 Executing VM operation: ICBufferFull done
Event: 2.606 Executing VM operation: G1CollectForAllocation
Event: 2.609 Executing VM operation: G1CollectForAllocation done
Event: 2.974 Executing VM operation: G1CollectForAllocation
Event: 2.976 Executing VM operation: G1CollectForAllocation done
Event: 3.025 Executing VM operation: HandshakeAllThreads
Event: 3.025 Executing VM operation: HandshakeAllThreads done
Event: 3.033 Executing VM operation: HandshakeAllThreads
Event: 3.033 Executing VM operation: HandshakeAllThreads done
Event: 3.049 Executing VM operation: HandshakeAllThreads
Event: 3.049 Executing VM operation: HandshakeAllThreads done
Event: 3.285 Executing VM operation: G1CollectForAllocation
Event: 3.287 Executing VM operation: G1CollectForAllocation done
Event: 3.497 Executing VM operation: ICBufferFull
Event: 3.497 Executing VM operation: ICBufferFull done
Event: 3.541 Executing VM operation: G1CollectForAllocation
Event: 3.543 Executing VM operation: G1CollectForAllocation done

Events (20 events):
Event: 3.479 loading class javax/naming/Reference
Event: 3.479 loading class javax/naming/Reference done
Event: 3.487 loading class java/lang/ObjectCustomizer
Event: 3.487 loading class java/lang/ObjectCustomizer done
Event: 3.487 loading class java/lang/ObjectCustomizer
Event: 3.487 loading class java/lang/ObjectCustomizer done
Event: 3.498 loading class java/lang/ObjectCustomizer
Event: 3.498 loading class java/lang/ObjectCustomizer done
Event: 3.498 loading class java/lang/ObjectCustomizer
Event: 3.498 loading class java/lang/ObjectCustomizer done
Event: 3.506 loading class java/lang/SafeVarargs
Event: 3.506 loading class java/lang/SafeVarargs done
Event: 3.531 loading class java/util/concurrent/ConcurrentHashMap$TreeNode
Event: 3.532 loading class java/util/concurrent/ConcurrentHashMap$TreeNode done
Event: 3.532 loading class java/util/concurrent/ConcurrentHashMap$TreeBin
Event: 3.532 loading class java/util/concurrent/ConcurrentHashMap$TreeBin done
Event: 3.618 loading class java/lang/ObjectCustomizer
Event: 3.618 loading class java/lang/ObjectCustomizer done
Event: 3.618 loading class java/lang/ObjectCustomizer
Event: 3.618 loading class java/lang/ObjectCustomizer done


Dynamic libraries:
0x00007ff743050000 - 0x00007ff74305e000 	C:\Users\Juju\.vscode\extensions\redhat.java-1.11.0-win32-x64\jre\17.0.4.1-win32-x86_64\bin\java.exe
0x00007ffc343f0000 - 0x00007ffc34604000 	C:\WINDOWS\SYSTEM32\ntdll.dll
0x00007ffc33290000 - 0x00007ffc33352000 	C:\WINDOWS\System32\KERNEL32.DLL
0x00007ffc31d50000 - 0x00007ffc320ec000 	C:\WINDOWS\System32\KERNELBASE.dll
0x00007ffc319a0000 - 0x00007ffc31ab1000 	C:\WINDOWS\System32\ucrtbase.dll
0x00007ffc0e300000 - 0x00007ffc0e318000 	C:\Users\Juju\.vscode\extensions\redhat.java-1.11.0-win32-x64\jre\17.0.4.1-win32-x86_64\bin\jli.dll
0x00007ffc0e0d0000 - 0x00007ffc0e0e9000 	C:\Users\Juju\.vscode\extensions\redhat.java-1.11.0-win32-x64\jre\17.0.4.1-win32-x86_64\bin\VCRUNTIME140.dll
0x00007ffc33de0000 - 0x00007ffc33f8b000 	C:\WINDOWS\System32\USER32.dll
0x00007ffc1d6d0000 - 0x00007ffc1d95e000 	C:\WINDOWS\WinSxS\amd64_microsoft.windows.common-controls_6595b64144ccf1df_6.0.22621.317_none_a9434687c10c9fa2\COMCTL32.dll
0x00007ffc31830000 - 0x00007ffc31856000 	C:\WINDOWS\System32\win32u.dll
0x00007ffc324c0000 - 0x00007ffc32567000 	C:\WINDOWS\System32\msvcrt.dll
0x00007ffc33f90000 - 0x00007ffc33fb9000 	C:\WINDOWS\System32\GDI32.dll
0x00007ffc31c30000 - 0x00007ffc31d42000 	C:\WINDOWS\System32\gdi32full.dll
0x00007ffc320f0000 - 0x00007ffc3218a000 	C:\WINDOWS\System32\msvcp_win.dll
0x00007ffc34190000 - 0x00007ffc341c1000 	C:\WINDOWS\System32\IMM32.DLL
0x00007ffc0e720000 - 0x00007ffc0e72c000 	C:\Users\Juju\.vscode\extensions\redhat.java-1.11.0-win32-x64\jre\17.0.4.1-win32-x86_64\bin\vcruntime140_1.dll
0x00007ffbac1c0000 - 0x00007ffbac251000 	C:\Users\Juju\.vscode\extensions\redhat.java-1.11.0-win32-x64\jre\17.0.4.1-win32-x86_64\bin\msvcp140.dll
0x00007ffb9af90000 - 0x00007ffb9bbd6000 	C:\Users\Juju\.vscode\extensions\redhat.java-1.11.0-win32-x64\jre\17.0.4.1-win32-x86_64\bin\server\jvm.dll
0x00007ffc331e0000 - 0x00007ffc3328e000 	C:\WINDOWS\System32\ADVAPI32.dll
0x00007ffc32400000 - 0x00007ffc324a4000 	C:\WINDOWS\System32\sechost.dll
0x00007ffc34040000 - 0x00007ffc34155000 	C:\WINDOWS\System32\RPCRT4.dll
0x00007ffc32570000 - 0x00007ffc32578000 	C:\WINDOWS\System32\PSAPI.DLL
0x00007ffc2b500000 - 0x00007ffc2b534000 	C:\WINDOWS\SYSTEM32\WINMM.dll
0x00007ffc2e150000 - 0x00007ffc2e159000 	C:\WINDOWS\SYSTEM32\WSOCK32.dll
0x00007ffc28230000 - 0x00007ffc2823a000 	C:\WINDOWS\SYSTEM32\VERSION.dll
0x00007ffc33fc0000 - 0x00007ffc34031000 	C:\WINDOWS\System32\WS2_32.dll
0x00007ffc30870000 - 0x00007ffc30888000 	C:\WINDOWS\SYSTEM32\kernel.appcore.dll
0x00007ffc0e0c0000 - 0x00007ffc0e0ca000 	C:\Users\Juju\.vscode\extensions\redhat.java-1.11.0-win32-x64\jre\17.0.4.1-win32-x86_64\bin\jimage.dll
0x00007ffc24c90000 - 0x00007ffc24ebe000 	C:\WINDOWS\SYSTEM32\DBGHELP.DLL
0x00007ffc33570000 - 0x00007ffc338f9000 	C:\WINDOWS\System32\combase.dll
0x00007ffc33100000 - 0x00007ffc331d7000 	C:\WINDOWS\System32\OLEAUT32.dll
0x00007ffc1c960000 - 0x00007ffc1c992000 	C:\WINDOWS\SYSTEM32\dbgcore.DLL
0x00007ffc31860000 - 0x00007ffc318db000 	C:\WINDOWS\System32\bcryptPrimitives.dll
0x00007ffc0b930000 - 0x00007ffc0b955000 	C:\Users\Juju\.vscode\extensions\redhat.java-1.11.0-win32-x64\jre\17.0.4.1-win32-x86_64\bin\java.dll
0x00007ffc0de90000 - 0x00007ffc0dea8000 	C:\Users\Juju\.vscode\extensions\redhat.java-1.11.0-win32-x64\jre\17.0.4.1-win32-x86_64\bin\zip.dll
0x00007ffc32630000 - 0x00007ffc32e0b000 	C:\WINDOWS\System32\SHELL32.dll
0x00007ffc2f840000 - 0x00007ffc300f5000 	C:\WINDOWS\SYSTEM32\windows.storage.dll
0x00007ffc2f700000 - 0x00007ffc2f83d000 	C:\WINDOWS\SYSTEM32\wintypes.dll
0x00007ffc33000000 - 0x00007ffc330f1000 	C:\WINDOWS\System32\SHCORE.dll
0x00007ffc33d80000 - 0x00007ffc33dde000 	C:\WINDOWS\System32\shlwapi.dll
0x00007ffc31760000 - 0x00007ffc31781000 	C:\WINDOWS\SYSTEM32\profapi.dll
0x00007ffc0e370000 - 0x00007ffc0e389000 	C:\Users\Juju\.vscode\extensions\redhat.java-1.11.0-win32-x64\jre\17.0.4.1-win32-x86_64\bin\net.dll
0x00007ffc2b970000 - 0x00007ffc2ba9f000 	C:\WINDOWS\SYSTEM32\WINHTTP.dll
0x00007ffc30cc0000 - 0x00007ffc30d29000 	C:\WINDOWS\system32\mswsock.dll
0x00007ffc0ddb0000 - 0x00007ffc0ddc5000 	C:\Users\Juju\.vscode\extensions\redhat.java-1.11.0-win32-x64\jre\17.0.4.1-win32-x86_64\bin\nio.dll
0x00007ffc2e0c0000 - 0x00007ffc2e0c9000 	C:\Users\Juju\.vscode\extensions\redhat.java-1.11.0-win32-x64\jre\17.0.4.1-win32-x86_64\bin\management.dll
0x00007ffc2e0b0000 - 0x00007ffc2e0bb000 	C:\Users\Juju\.vscode\extensions\redhat.java-1.11.0-win32-x64\jre\17.0.4.1-win32-x86_64\bin\management_ext.dll
0x00007ffc0c9e0000 - 0x00007ffc0c9f7000 	C:\WINDOWS\system32\napinsp.dll
0x00007ffc0c980000 - 0x00007ffc0c99b000 	C:\WINDOWS\system32\pnrpnsp.dll
0x00007ffc30410000 - 0x00007ffc30502000 	C:\WINDOWS\SYSTEM32\DNSAPI.dll
0x00007ffc30350000 - 0x00007ffc3037d000 	C:\WINDOWS\SYSTEM32\IPHLPAPI.DLL
0x00007ffc32370000 - 0x00007ffc32379000 	C:\WINDOWS\System32\NSI.dll
0x00007ffc0c960000 - 0x00007ffc0c971000 	C:\WINDOWS\System32\winrnr.dll
0x00007ffc0c940000 - 0x00007ffc0c955000 	C:\WINDOWS\system32\wshbth.dll
0x00007ffc0c910000 - 0x00007ffc0c931000 	C:\WINDOWS\system32\nlansp_c.dll
0x00007ffc2ac90000 - 0x00007ffc2ac9a000 	C:\Windows\System32\rasadhlp.dll
0x00007ffc2aac0000 - 0x00007ffc2ab43000 	C:\WINDOWS\System32\fwpuclnt.dll
0x00007ffc31040000 - 0x00007ffc3105b000 	C:\WINDOWS\SYSTEM32\CRYPTSP.dll
0x00007ffc307e0000 - 0x00007ffc30815000 	C:\WINDOWS\system32\rsaenh.dll
0x00007ffc30d60000 - 0x00007ffc30d88000 	C:\WINDOWS\SYSTEM32\USERENV.dll
0x00007ffc311e0000 - 0x00007ffc31208000 	C:\WINDOWS\SYSTEM32\bcrypt.dll
0x00007ffc31020000 - 0x00007ffc3102c000 	C:\WINDOWS\SYSTEM32\CRYPTBASE.dll
0x00007ffc2b950000 - 0x00007ffc2b969000 	C:\WINDOWS\SYSTEM32\dhcpcsvc6.DLL
0x00007ffc2b930000 - 0x00007ffc2b94f000 	C:\WINDOWS\SYSTEM32\dhcpcsvc.DLL
0x00007ffc0e090000 - 0x00007ffc0e0a0000 	C:\Users\Juju\.vscode\extensions\redhat.java-1.11.0-win32-x64\jre\17.0.4.1-win32-x86_64\bin\verify.dll
0x00007ffc1ccc0000 - 0x00007ffc1ccce000 	C:\Users\Juju\.vscode\extensions\redhat.java-1.11.0-win32-x64\jre\17.0.4.1-win32-x86_64\bin\sunmscapi.dll
0x00007ffc31ac0000 - 0x00007ffc31c26000 	C:\WINDOWS\System32\CRYPT32.dll
0x00007ffc311b0000 - 0x00007ffc311dd000 	C:\WINDOWS\SYSTEM32\ncrypt.dll
0x00007ffc31170000 - 0x00007ffc311a7000 	C:\WINDOWS\SYSTEM32\NTASN1.dll

dbghelp: loaded successfully - version: 4.0.5 - missing functions: none
symbol engine: initialized successfully - sym options: 0x614 - pdb path: .;C:\Users\Juju\.vscode\extensions\redhat.java-1.11.0-win32-x64\jre\17.0.4.1-win32-x86_64\bin;C:\WINDOWS\SYSTEM32;C:\WINDOWS\WinSxS\amd64_microsoft.windows.common-controls_6595b64144ccf1df_6.0.22621.317_none_a9434687c10c9fa2;C:\Users\Juju\.vscode\extensions\redhat.java-1.11.0-win32-x64\jre\17.0.4.1-win32-x86_64\bin\server

VM Arguments:
jvm_args: -Dcom.sun.management.jmxremote -Dcom.sun.management.jmxremote.port=53286 -Dcom.sun.management.jmxremote.authenticate=false -Dcom.sun.management.jmxremote.ssl=false -Djava.rmi.server.hostname=localhost -Dspring.application.admin.enabled=true -Dspring.jmx.enabled=true -Dspring.boot.project.name=server -XX:+ShowCodeDetailsInExceptionMessages 
java_command: com.alphabirdz.AlphabirdzApplication
java_class_path (initial): D:\Java Projects\alphabirdz\alphabirdz-spring\server\bin\main;C:\Users\Juju\.gradle\caches\modules-2\files-2.1\org.springframework.boot\spring-boot-starter-web\2.7.4\ab112abef321c0b9dd4ac416982fb706a2634d18\spring-boot-starter-web-2.7.4.jar;C:\Users\Juju\.gradle\caches\modules-2\files-2.1\org.springframework.boot\spring-boot-starter-data-jpa\2.7.4\d7eca5c4ca2ccba19256efb90ef75672292e5bc\spring-boot-starter-data-jpa-2.7.4.jar;C:\Users\Juju\.gradle\caches\modules-2\files-2.1\org.springframework.boot\spring-boot-starter-json\2.7.4\c0ee38fab3687538d88a4f7615361ba93fe87fca\spring-boot-starter-json-2.7.4.jar;C:\Users\Juju\.gradle\caches\modules-2\files-2.1\org.springframework.boot\spring-boot-starter-aop\2.7.4\5210bce2cf231de528bbc5e9af95ff9c31d1eece\spring-boot-starter-aop-2.7.4.jar;C:\Users\Juju\.gradle\caches\modules-2\files-2.1\org.springframework.boot\spring-boot-starter-jdbc\2.7.4\c016eabaf0b1495953ea47addfd467e9c886b01b\spring-boot-starter-jdbc-2.7.4.jar;C:\Users\Juju\.gradle\caches\modules-2\files-2.1\org.springframework.boot\spring-boot-starter\2.7.4\5fe2fed415877251263ebfac15efde59b1ea5913\spring-boot-starter-2.7.4.jar;C:\Users\Juju\.gradle\caches\modules-2\files-2.1\org.springframework.boot\spring-boot-starter-tomcat\2.7.4\b49555d2bfea184089f8e6b8b338faa5bc9ad254\spring-boot-starter-tomcat-2.7.4.jar;C:\Users\Juju\.gradle\caches\modules-2\files-2.1\org.springframework\spring-webmvc\5.3.23\b163527c275b0374371890c0b76c2a2a09f9804b\spring-webmvc-5.3.23.jar;C:\Users\Juju\.gradle\caches\modules-2\files-2.1\org.springframework\spring-web\5.3.23\193f5276092d9cbe3222c63885b47ca7b2cce97\spring-web-5.3.23.jar;C:\Users\Juju\.gradle\caches\modules-2\files-2.1\jakarta.transaction\jakarta.transaction-api\1.3.3\c4179d48720a1e87202115fbed6089bdc4195405\jakarta.transaction-api-1.3.3.jar;C:\Users\Juju\.gradle\caches\modules-2\files-2.1\jakarta.persistence\jakarta.persistence-api\2.2.3\8f6ea5daedc614f07a3654a455660145286f024e\jakarta.persistence-api-2.
Launcher Type: SUN_STANDARD

[Global flags]
     intx CICompilerCount                          = 12                                        {product} {ergonomic}
     uint ConcGCThreads                            = 3                                         {product} {ergonomic}
     uint G1ConcRefinementThreads                  = 13                                        {product} {ergonomic}
   size_t G1HeapRegionSize                         = 4194304                                   {product} {ergonomic}
    uintx GCDrainStackTargetSize                   = 64                                        {product} {ergonomic}
   size_t InitialHeapSize                          = 394264576                                 {product} {ergonomic}
     bool ManagementServer                         = true                                      {product} {command line}
   size_t MarkStackSize                            = 4194304                                   {product} {ergonomic}
   size_t MaxHeapSize                              = 6257901568                                {product} {ergonomic}
   size_t MaxNewSize                               = 3753902080                                {product} {ergonomic}
   size_t MinHeapDeltaBytes                        = 4194304                                   {product} {ergonomic}
   size_t MinHeapSize                              = 8388608                                   {product} {ergonomic}
    uintx NonNMethodCodeHeapSize                   = 7602480                                {pd product} {ergonomic}
    uintx NonProfiledCodeHeapSize                  = 122027880                              {pd product} {ergonomic}
    uintx ProfiledCodeHeapSize                     = 122027880                              {pd product} {ergonomic}
    uintx ReservedCodeCacheSize                    = 251658240                              {pd product} {ergonomic}
     bool SegmentedCodeCache                       = true                                      {product} {ergonomic}
     bool ShowCodeDetailsInExceptionMessages       = true                                   {manageable} {command line}
   size_t SoftMaxHeapSize                          = 6257901568                             {manageable} {ergonomic}
     bool UseCompressedClassPointers               = true                           {product lp64_product} {ergonomic}
     bool UseCompressedOops                        = true                           {product lp64_product} {ergonomic}
     bool UseG1GC                                  = true                                      {product} {ergonomic}
     bool UseLargePagesIndividualAllocation        = false                                  {pd product} {ergonomic}

Logging:
Log output configuration:
 #0: stdout all=warning uptime,level,tags
 #1: stderr all=off uptime,level,tags

Environment Variables:
JAVA_HOME=C:\Users\Juju\AppData\Local\Programs\Eclipse Adoptium\jdk-17.0.4.101-hotspot\
PATH=C:\Program Files (x86)\Common Files\Oracle\Java\javapath;C:\Users\Juju\springboot-cli\bin;C:\Python310\;c:\windows\system32;c:\windows;c:\windows\system32\wbem;c:\windows\system32\windowspowershell\v1.0\;c:\windows\system32\openssh\;c:\program files\nvidia corporation\nvidia nvdlisr;C:\Program Files\Common Files\Autodesk Shared\;D:\NodeJS\;C:\ProgramData\chocolatey\bin;C:\Program Files\Microsoft SQL Server\120\Tools\Binn\;C:\Program Files (x86)\NVIDIA Corporation\PhysX\Common;C:\Program Files\dotnet\;C:\Program Files\Java\jdk-18.0.2.1\bin;C:\Program Files\Git\cmd;C:\Program Files\Docker\Docker\resources\bin;C:\ProgramData\DockerDesktop\version-bin;C:\Gradle\gradle-7.5.1\bin;;C:\WINDOWS\system32;C:\WINDOWS;C:\WINDOWS\System32\Wbem;C:\WINDOWS\System32\WindowsPowerShell\v1.0\;C:\WINDOWS\System32\OpenSSH\;C:\Program Files\MySQL\MySQL Shell 8.0\bin\;C:\Users\Juju\AppData\Local\Programs\Eclipse Adoptium\jdk-17.0.4.101-hotspot\bin;C:\Users\Juju\AppData\Local\Microsoft\WindowsApps;C:\Users\Juju\AppData\Local\Programs\Microsoft VS Code\bin;C:\Users\Juju\AppData\Roaming\npm;C:\Users\Juju\AppData\Local\GitHubDesktop\bin;C:\Users\Juju\.dotnet\tools;
USERNAME=Juju
LANG=pt_BR.UTF-8
OS=Windows_NT
PROCESSOR_IDENTIFIER=AMD64 Family 25 Model 80 Stepping 0, AuthenticAMD
TMP=C:\Users\Juju\AppData\Local\Temp
TEMP=C:\Users\Juju\AppData\Local\Temp



---------------  S Y S T E M  ---------------

OS:
 Windows 11 , 64 bit Build 22621 (10.0.22621.457)
OS uptime: 0 days 23:21 hours
Hyper-V role detected

CPU: total 16 (initial active 16) (16 cores per cpu, 2 threads per core) family 25 model 80 stepping 0 microcode 0x0, cx8, cmov, fxsr, ht, mmx, 3dnowpref, sse, sse2, sse3, ssse3, sse4a, sse4.1, sse4.2, popcnt, lzcnt, tsc, tscinvbit, avx, avx2, aes, erms, clmul, bmi1, bmi2, adx, sha, fma, vzeroupper, clflush, clflushopt, hv

Memory: 4k page, system-wide physical 23857M (12843M free)
TotalPageFile size 25393M (AvailPageFile size 7259M)
current process WorkingSet (physical memory assigned to process): 269M, peak: 276M
current process commit charge ("private bytes"): 313M, peak: 512M

vm_info: OpenJDK 64-Bit Server VM (17.0.4.1+1) for windows-amd64 JRE (17.0.4.1+1), built on Aug 17 2022 07:42:43 by "temurin" with MS VC++ 16.7 (VS2019)

END.
